<?xml version="1.0" encoding="UTF-8"?>
<!-- Generated by org.testng.reporters.JUnitXMLReporter -->
<testsuite hostname="DESKTOP-P77456N" ignored="2" name="Default test" tests="3" failures="0" timestamp="17 Apr 2023 18:55:15 GMT" time="7.853" errors="0">
  <testcase name="validateAge" time="1.168" classname="com.org.tests.UserRegistrationTests"/>
  <testcase name="validateCompleteName" time="0.185" classname="com.org.tests.UserRegistrationTests"/>
  <testcase name="validateLastName" time="1.099" classname="com.org.tests.UserRegistrationTests"/>
  <testcase name="validateMiddleName" time="0.0" classname="com.org.tests.UserRegistrationTests">
    <ignored/>
  </testcase> <!-- validateMiddleName -->
  <testcase name="validateFirstName" time="0.0" classname="com.org.tests.UserRegistrationTests">
    <ignored/>
  </testcase> <!-- validateFirstName -->
</testsuite> <!-- Default test -->
