<?xml version="1.0" encoding="UTF-8"?>
<!-- Generated by org.testng.reporters.JUnitXMLReporter -->
<testsuite hostname="DESKTOP-P77456N" ignored="0" name="Test" tests="5" failures="0" timestamp="26 Mar 2023 04:43:04 GMT" time="19.353" errors="0">
  <testcase name="validateAge" time="2.194" classname="com.org.tests.UserRegistrationTests"/>
  <testcase name="validateFirstName" time="2.091" classname="com.org.tests.UserRegistrationTests"/>
  <testcase name="validateLastName" time="2.101" classname="com.org.tests.UserRegistrationTests"/>
  <testcase name="validateMiddleName" time="2.093" classname="com.org.tests.UserRegistrationTests"/>
  <testcase name="validateSeleniumLink" time="0.109" classname="com.org.tests.LeftMenuTests"/>
</testsuite> <!-- Test -->
