<?xml version="1.0" encoding="UTF-8"?>
<!-- Generated by org.testng.reporters.JUnitXMLReporter -->
<testsuite hostname="DESKTOP-P77456N" ignored="4" name="Test" tests="4" failures="0" timestamp="02 Apr 2023 07:10:28 GMT" time="13.672" errors="0">
  <testcase name="validateAge" time="1.237" classname="com.org.tests.UserRegistrationTests"/>
  <testcase name="validateCompleteName" time="0.429" classname="com.org.tests.UserRegistrationTests"/>
  <testcase name="validateLastName" time="1.275" classname="com.org.tests.UserRegistrationTests"/>
  <testcase name="validateSeleniumLink" time="0.251" classname="com.org.tests.LeftMenuTests"/>
  <testcase name="validateMiddleName" time="0.0" classname="com.org.tests.UserRegistrationTests">
    <ignored/>
  </testcase> <!-- validateMiddleName -->
  <testcase name="validateFirstName" time="0.0" classname="com.org.tests.UserRegistrationTests">
    <ignored/>
  </testcase> <!-- validateFirstName -->
  <testcase name="@AfterSuite saveReport" time="0.0" classname="com.org.main.BaseTest">
    <ignored/>
  </testcase> <!-- @AfterSuite saveReport -->
  <testcase name="@BeforeSuite setUpReport" time="0.0" classname="com.org.main.BaseTest">
    <ignored/>
  </testcase> <!-- @BeforeSuite setUpReport -->
</testsuite> <!-- Test -->
