<?xml version="1.0" encoding="UTF-8"?>
<testsuite xmlns:xsi="http://www.w3.org/2001/XMLSchema-instance" xsi:noNamespaceSchemaLocation="https://maven.apache.org/surefire/maven-surefire-plugin/xsd/surefire-test-report.xsd" name="TestSuite" time="16.205" tests="4" errors="0" skipped="0" failures="0">
  <properties>
[...]
</properties>
  <testcase name="validateAge" classname="com.org.tests.UserRegistrationTests" time="1.241"/>
  <testcase name="validateCompleteName" classname="com.org.tests.UserRegistrationTests" time="0.429"/>
  <testcase name="validateLastName" classname="com.org.tests.UserRegistrationTests" time="1.274"/>
  <testcase name="validateSeleniumLink" classname="com.org.tests.LeftMenuTests" time="0.251"/>
</testsuite>