<?xml version="1.0" encoding="UTF-8"?>
<testng-results skipped="0" failed="0" ignored="2" total="5" passed="3">
  <reporter-output>
  </reporter-output>
  <suite name="Default suite" duration-ms="7853" started-at="2023-04-17T18:55:07Z" finished-at="2023-04-17T18:55:15Z">
    <groups>
    </groups>
    <test name="Default test" duration-ms="7853" started-at="2023-04-17T18:55:07Z" finished-at="2023-04-17T18:55:15Z">
      <class name="com.org.tests.UserRegistrationTests">
        <test-method status="PASS" signature="setUpReport()[pri:0, instance:com.org.tests.UserRegistrationTests@1fb700ee]" name="setUpReport" is-config="true" duration-ms="120" started-at="2023-04-17T18:55:07Z" finished-at="2023-04-17T18:55:07Z">
          <reporter-output>
          </reporter-output>
        </test-method> <!-- setUpReport -->
        <test-method status="PASS" signature="openBrowser()[pri:0, instance:com.org.tests.UserRegistrationTests@1fb700ee]" name="openBrowser" is-config="true" duration-ms="3123" started-at="2023-04-17T18:55:07Z" finished-at="2023-04-17T18:55:11Z">
          <reporter-output>
          </reporter-output>
        </test-method> <!-- openBrowser -->
        <test-method status="PASS" signature="switchToUserRegistrationFrame()[pri:0, instance:com.org.tests.UserRegistrationTests@1fb700ee]" name="switchToUserRegistrationFrame" is-config="true" duration-ms="64" started-at="2023-04-17T18:55:11Z" finished-at="2023-04-17T18:55:11Z">
          <reporter-output>
          </reporter-output>
        </test-method> <!-- switchToUserRegistrationFrame -->
        <test-method status="PASS" signature="validateAge()[pri:0, instance:com.org.tests.UserRegistrationTests@1fb700ee]" name="validateAge" duration-ms="1168" started-at="2023-04-17T18:55:11Z" finished-at="2023-04-17T18:55:12Z">
          <reporter-output>
          </reporter-output>
        </test-method> <!-- validateAge -->
        <test-method status="PASS" signature="switchToUserRegistrationFrame()[pri:0, instance:com.org.tests.UserRegistrationTests@1fb700ee]" name="switchToUserRegistrationFrame" is-config="true" duration-ms="23" started-at="2023-04-17T18:55:12Z" finished-at="2023-04-17T18:55:12Z">
          <reporter-output>
          </reporter-output>
        </test-method> <!-- switchToUserRegistrationFrame -->
        <test-method status="PASS" signature="validateCompleteName()[pri:0, instance:com.org.tests.UserRegistrationTests@1fb700ee]" name="validateCompleteName" duration-ms="185" started-at="2023-04-17T18:55:12Z" finished-at="2023-04-17T18:55:12Z">
          <reporter-output>
          </reporter-output>
        </test-method> <!-- validateCompleteName -->
        <test-method status="PASS" signature="switchToUserRegistrationFrame()[pri:0, instance:com.org.tests.UserRegistrationTests@1fb700ee]" name="switchToUserRegistrationFrame" is-config="true" duration-ms="22" started-at="2023-04-17T18:55:12Z" finished-at="2023-04-17T18:55:12Z">
          <reporter-output>
          </reporter-output>
        </test-method> <!-- switchToUserRegistrationFrame -->
        <test-method status="PASS" signature="validateLastName()[pri:0, instance:com.org.tests.UserRegistrationTests@1fb700ee]" name="validateLastName" duration-ms="1099" started-at="2023-04-17T18:55:12Z" finished-at="2023-04-17T18:55:13Z">
          <reporter-output>
          </reporter-output>
        </test-method> <!-- validateLastName -->
        <test-method status="PASS" signature="closeBrowser()[pri:0, instance:com.org.tests.UserRegistrationTests@1fb700ee]" name="closeBrowser" is-config="true" duration-ms="2141" started-at="2023-04-17T18:55:13Z" finished-at="2023-04-17T18:55:15Z">
          <reporter-output>
          </reporter-output>
        </test-method> <!-- closeBrowser -->
        <test-method status="PASS" signature="saveReport()[pri:0, instance:com.org.tests.UserRegistrationTests@1fb700ee]" name="saveReport" is-config="true" duration-ms="335" started-at="2023-04-17T18:55:15Z" finished-at="2023-04-17T18:55:16Z">
          <reporter-output>
          </reporter-output>
        </test-method> <!-- saveReport -->
      </class> <!-- com.org.tests.UserRegistrationTests -->
    </test> <!-- Default test -->
  </suite> <!-- Default suite -->
</testng-results>
